# JRE version: OpenJDK Runtime Environment (8.0_202) (build 1.8.0_202-release-1483-b49-5587405)
# Java VM: OpenJDK 64-Bit Server VM (25.202-b49-5587405 mixed mode linux-amd64 compressed oops)
Heap:
 PSYoungGen      total 386048K, used 270154K [0x00000000e0000000, 0x00000000ff400000, 0x0000000100000000)
  eden space 258048K, 100% used [0x00000000e0000000,0x00000000efc00000,0x00000000efc00000)
  from space 128000K, 9% used [0x00000000f7700000,0x00000000f82d2b68,0x00000000ff400000)
  to   space 125952K, 1% used [0x00000000efc00000,0x00000000efddc138,0x00000000f7700000)
 ParOldGen       total 382464K, used 265239K [0x00000000a0000000, 0x00000000b7580000, 0x00000000e0000000)
  object space 382464K, 69% used [0x00000000a0000000,0x00000000b0307c88,0x00000000b7580000)
 Metaspace       used 105148K, capacity 109300K, committed 109400K, reserved 1144832K
  class space    used 13313K, capacity 14192K, committed 14208K, reserved 1048576K
GC Heap History (10 events):
Event: 146.888 GC heap after
Heap after GC invocations=37 (full 5):
 PSYoungGen      total 370176K, used 0K [0x00000000e0000000, 0x0000000100000000, 0x0000000100000000)
  eden space 225792K, 0% used [0x00000000e0000000,0x00000000e0000000,0x00000000edc80000)
  from space 144384K, 0% used [0x00000000f6600000,0x00000000f6600000,0x00000000ff300000)
  to   space 140800K, 0% used [0x00000000edc80000,0x00000000edc80000,0x00000000f6600000)
 ParOldGen       total 382464K, used 177411K [0x00000000a0000000, 0x00000000b7580000, 0x00000000e0000000)
  object space 382464K, 46% used [0x00000000a0000000,0x00000000aad40f18,0x00000000b7580000)
 Metaspace       used 102364K, capacity 106110K, committed 107352K, reserved 1142784K
  class space    used 12981K, capacity 13799K, committed 13952K, reserved 1048576K
}
Event: 149.271 GC heap before
{Heap before GC invocations=38 (full 5):
 PSYoungGen      total 370176K, used 225792K [0x00000000e0000000, 0x0000000100000000, 0x0000000100000000)
  eden space 225792K, 100% used [0x00000000e0000000,0x00000000edc80000,0x00000000edc80000)
  from space 144384K, 0% used [0x00000000f6600000,0x00000000f6600000,0x00000000ff300000)
  to   space 140800K, 0% used [0x00000000edc80000,0x00000000edc80000,0x00000000f6600000)
 ParOldGen       total 382464K, used 177411K [0x00000000a0000000, 0x00000000b7580000, 0x00000000e0000000)
  object space 382464K, 46% used [0x00000000a0000000,0x00000000aad40f18,0x00000000b7580000)
 Metaspace       used 102858K, capacity 106678K, committed 107352K, reserved 1142784K
  class space    used 13051K, capacity 13899K, committed 13952K, reserved 1048576K
Event: 149.377 GC heap after
Heap after GC invocations=38 (full 5):
 PSYoungGen      total 366592K, used 75421K [0x00000000e0000000, 0x00000000fff80000, 0x0000000100000000)
  eden space 225792K, 0% used [0x00000000e0000000,0x00000000e0000000,0x00000000edc80000)
  from space 140800K, 53% used [0x00000000edc80000,0x00000000f2627540,0x00000000f6600000)
  to   space 142336K, 0% used [0x00000000f7480000,0x00000000f7480000,0x00000000fff80000)
 ParOldGen       total 382464K, used 177419K [0x00000000a0000000, 0x00000000b7580000, 0x00000000e0000000)
  object space 382464K, 46% used [0x00000000a0000000,0x00000000aad42f18,0x00000000b7580000)
 Metaspace       used 102858K, capacity 106678K, committed 107352K, reserved 1142784K
  class space    used 13051K, capacity 13899K, committed 13952K, reserved 1048576K
}
Event: 150.410 GC heap before
{Heap before GC invocations=39 (full 5):
 PSYoungGen      total 366592K, used 301213K [0x00000000e0000000, 0x00000000fff80000, 0x0000000100000000)
  eden space 225792K, 100% used [0x00000000e0000000,0x00000000edc80000,0x00000000edc80000)
  from space 140800K, 53% used [0x00000000edc80000,0x00000000f2627540,0x00000000f6600000)
  to   space 142336K, 0% used [0x00000000f7480000,0x00000000f7480000,0x00000000fff80000)
 ParOldGen       total 382464K, used 177419K [0x00000000a0000000, 0x00000000b7580000, 0x00000000e0000000)
  object space 382464K, 46% used [0x00000000a0000000,0x00000000aad42f18,0x00000000b7580000)
 Metaspace       used 102957K, capacity 106776K, committed 107352K, reserved 1142784K
  class space    used 13056K, capacity 13906K, committed 13952K, reserved 1048576K
Event: 150.540 GC heap after
Heap after GC invocations=39 (full 5):
 PSYoungGen      total 373248K, used 29369K [0x00000000e0000000, 0x00000000ff580000, 0x0000000100000000)
  eden space 241152K, 0% used [0x00000000e0000000,0x00000000e0000000,0x00000000eeb80000)
  from space 132096K, 22% used [0x00000000f7480000,0x00000000f912e6a0,0x00000000ff580000)
  to   space 136192K, 0% used [0x00000000eeb80000,0x00000000eeb80000,0x00000000f7080000)
 ParOldGen       total 382464K, used 252417K [0x00000000a0000000, 0x00000000b7580000, 0x00000000e0000000)
  object space 382464K, 65% used [0x00000000a0000000,0x00000000af6805e8,0x00000000b7580000)
 Metaspace       used 102957K, capacity 106776K, committed 107352K, reserved 1142784K
  class space    used 13056K, capacity 13906K, committed 13952K, reserved 1048576K
}
Event: 152.024 GC heap before
{Heap before GC invocations=40 (full 5):
 PSYoungGen      total 373248K, used 269324K [0x00000000e0000000, 0x00000000ff580000, 0x0000000100000000)
  eden space 241152K, 99% used [0x00000000e0000000,0x00000000eea54bd0,0x00000000eeb80000)
  from space 132096K, 22% used [0x00000000f7480000,0x00000000f912e6a0,0x00000000ff580000)
  to   space 136192K, 0% used [0x00000000eeb80000,0x00000000eeb80000,0x00000000f7080000)
 ParOldGen       total 382464K, used 252417K [0x00000000a0000000, 0x00000000b7580000, 0x00000000e0000000)
  object space 382464K, 65% used [0x00000000a0000000,0x00000000af6805e8,0x00000000b7580000)
 Metaspace       used 103693K, capacity 107576K, committed 107736K, reserved 1142784K
  class space    used 13163K, capacity 13994K, committed 14080K, reserved 1048576K
Event: 152.049 GC heap after
Heap after GC invocations=40 (full 5):
 PSYoungGen      total 377344K, used 41471K [0x00000000e0000000, 0x00000000ff400000, 0x0000000100000000)
  eden space 241152K, 0% used [0x00000000e0000000,0x00000000e0000000,0x00000000eeb80000)
  from space 136192K, 30% used [0x00000000eeb80000,0x00000000f13ffc78,0x00000000f7080000)
  to   space 128000K, 0% used [0x00000000f7700000,0x00000000f7700000,0x00000000ff400000)
 ParOldGen       total 382464K, used 260089K [0x00000000a0000000, 0x00000000b7580000, 0x00000000e0000000)
  object space 382464K, 68% used [0x00000000a0000000,0x00000000afdfe4e8,0x00000000b7580000)
 Metaspace       used 103693K, capacity 107576K, committed 107736K, reserved 1142784K
  class space    used 13163K, capacity 13994K, committed 14080K, reserved 1048576K
}
Event: 164.748 GC heap before
{Heap before GC invocations=41 (full 5):
 PSYoungGen      total 377344K, used 282623K [0x00000000e0000000, 0x00000000ff400000, 0x0000000100000000)
  eden space 241152K, 100% used [0x00000000e0000000,0x00000000eeb80000,0x00000000eeb80000)
  from space 136192K, 30% used [0x00000000eeb80000,0x00000000f13ffc78,0x00000000f7080000)
  to   space 128000K, 0% used [0x00000000f7700000,0x00000000f7700000,0x00000000ff400000)
 ParOldGen       total 382464K, used 260089K [0x00000000a0000000, 0x00000000b7580000, 0x00000000e0000000)
  object space 382464K, 68% used [0x00000000a0000000,0x00000000afdfe4e8,0x00000000b7580000)
 Metaspace       used 104800K, capacity 108904K, committed 109144K, reserved 1144832K
  class space    used 13288K, capacity 14190K, committed 14208K, reserved 1048576K
Event: 164.788 GC heap after
Heap after GC invocations=41 (full 5):
 PSYoungGen      total 386048K, used 12106K [0x00000000e0000000, 0x00000000ff400000, 0x0000000100000000)
  eden space 258048K, 0% used [0x00000000e0000000,0x00000000e0000000,0x00000000efc00000)
  from space 128000K, 9% used [0x00000000f7700000,0x00000000f82d2b68,0x00000000ff400000)
  to   space 125952K, 0% used [0x00000000efc00000,0x00000000efc00000,0x00000000f7700000)
 ParOldGen       total 382464K, used 260441K [0x00000000a0000000, 0x00000000b7580000, 0x00000000e0000000)
  object space 382464K, 68% used [0x00000000a0000000,0x00000000afe56548,0x00000000b7580000)
 Metaspace       used 104800K, capacity 108904K, committed 109144K, reserved 1144832K
  class space    used 13288K, capacity 14190K, committed 14208K, reserved 1048576K
}
Event: 169.922 GC heap before
{Heap before GC invocations=42 (full 5):
 PSYoungGen      total 386048K, used 270154K [0x00000000e0000000, 0x00000000ff400000, 0x0000000100000000)
  eden space 258048K, 100% used [0x00000000e0000000,0x00000000efc00000,0x00000000efc00000)
  from space 128000K, 9% used [0x00000000f7700000,0x00000000f82d2b68,0x00000000ff400000)
  to   space 125952K, 0% used [0x00000000efc00000,0x00000000efc00000,0x00000000f7700000)
 ParOldGen       total 382464K, used 260441K [0x00000000a0000000, 0x00000000b7580000, 0x00000000e0000000)
  object space 382464K, 68% used [0x00000000a0000000,0x00000000afe56548,0x00000000b7580000)
 Metaspace       used 105148K, capacity 109300K, committed 109400K, reserved 1144832K
  class space    used 13313K, capacity 14192K, committed 14208K, reserved 1048576K

