# JRE version: OpenJDK Runtime Environment (8.0_202) (build 1.8.0_202-release-1483-b49-5587405)
# Java VM: OpenJDK 64-Bit Server VM (25.202-b49-5587405 mixed mode linux-amd64 compressed oops)
Heap:
 PSYoungGen      total 394752K, used 53545K [0x00000000e0000000, 0x00000000ff200000, 0x0000000100000000)
  eden space 285696K, 18% used [0x00000000e0000000,0x00000000e344a7f0,0x00000000f1700000)
  from space 109056K, 0% used [0x00000000f8780000,0x00000000f8780000,0x00000000ff200000)
  to   space 112128K, 0% used [0x00000000f1700000,0x00000000f1700000,0x00000000f8480000)
 ParOldGen       total 568320K, used 138121K [0x00000000a0000000, 0x00000000c2b00000, 0x00000000e0000000)
  object space 568320K, 24% used [0x00000000a0000000,0x00000000a86e2790,0x00000000c2b00000)
 Metaspace       used 211943K, capacity 221985K, committed 225240K, reserved 1245184K
  class space    used 26428K, capacity 28211K, committed 28928K, reserved 1048576K
GC Heap History (10 events):
Event: 11855.968 GC heap before
{Heap before GC invocations=142 (full 13):
 PSYoungGen      total 393216K, used 308833K [0x00000000e0000000, 0x00000000ff980000, 0x0000000100000000)
  eden space 265728K, 100% used [0x00000000e0000000,0x00000000f0380000,0x00000000f0380000)
  from space 127488K, 33% used [0x00000000f7a00000,0x00000000fa418408,0x00000000ff680000)
  to   space 121344K, 0% used [0x00000000f0380000,0x00000000f0380000,0x00000000f7a00000)
 ParOldGen       total 568320K, used 135318K [0x00000000a0000000, 0x00000000c2b00000, 0x00000000e0000000)
  object space 568320K, 23% used [0x00000000a0000000,0x00000000a8425880,0x00000000c2b00000)
 Metaspace       used 212085K, capacity 221847K, committed 225240K, reserved 1245184K
  class space    used 26467K, capacity 28249K, committed 28928K, reserved 1048576K
Event: 11856.140 GC heap after
Heap after GC invocations=142 (full 13):
 PSYoungGen      total 387072K, used 21203K [0x00000000e0000000, 0x00000000ff600000, 0x0000000100000000)
  eden space 265728K, 0% used [0x00000000e0000000,0x00000000e0000000,0x00000000f0380000)
  from space 121344K, 17% used [0x00000000f0380000,0x00000000f1834c38,0x00000000f7a00000)
  to   space 119296K, 0% used [0x00000000f8180000,0x00000000f8180000,0x00000000ff600000)
 ParOldGen       total 568320K, used 135326K [0x00000000a0000000, 0x00000000c2b00000, 0x00000000e0000000)
  object space 568320K, 23% used [0x00000000a0000000,0x00000000a8427880,0x00000000c2b00000)
 Metaspace       used 212085K, capacity 221847K, committed 225240K, reserved 1245184K
  class space    used 26467K, capacity 28249K, committed 28928K, reserved 1048576K
}
Event: 14638.728 GC heap before
{Heap before GC invocations=143 (full 13):
 PSYoungGen      total 387072K, used 286931K [0x00000000e0000000, 0x00000000ff600000, 0x0000000100000000)
  eden space 265728K, 100% used [0x00000000e0000000,0x00000000f0380000,0x00000000f0380000)
  from space 121344K, 17% used [0x00000000f0380000,0x00000000f1834c38,0x00000000f7a00000)
  to   space 119296K, 0% used [0x00000000f8180000,0x00000000f8180000,0x00000000ff600000)
 ParOldGen       total 568320K, used 135326K [0x00000000a0000000, 0x00000000c2b00000, 0x00000000e0000000)
  object space 568320K, 23% used [0x00000000a0000000,0x00000000a8427880,0x00000000c2b00000)
 Metaspace       used 212650K, capacity 223275K, committed 225240K, reserved 1245184K
  class space    used 26596K, capacity 28487K, committed 28928K, reserved 1048576K
Event: 14638.960 GC heap after
Heap after GC invocations=143 (full 13):
 PSYoungGen      total 393728K, used 14000K [0x00000000e0000000, 0x00000000ff400000, 0x0000000100000000)
  eden space 276480K, 0% used [0x00000000e0000000,0x00000000e0000000,0x00000000f0e00000)
  from space 117248K, 11% used [0x00000000f8180000,0x00000000f8f2c148,0x00000000ff400000)
  to   space 117760K, 0% used [0x00000000f0e00000,0x00000000f0e00000,0x00000000f8100000)
 ParOldGen       total 568320K, used 135326K [0x00000000a0000000, 0x00000000c2b00000, 0x00000000e0000000)
  object space 568320K, 23% used [0x00000000a0000000,0x00000000a8427880,0x00000000c2b00000)
 Metaspace       used 212650K, capacity 223275K, committed 225240K, reserved 1245184K
  class space    used 26596K, capacity 28487K, committed 28928K, reserved 1048576K
}
Event: 14670.139 GC heap before
{Heap before GC invocations=144 (full 13):
 PSYoungGen      total 393728K, used 290480K [0x00000000e0000000, 0x00000000ff400000, 0x0000000100000000)
  eden space 276480K, 100% used [0x00000000e0000000,0x00000000f0e00000,0x00000000f0e00000)
  from space 117248K, 11% used [0x00000000f8180000,0x00000000f8f2c148,0x00000000ff400000)
  to   space 117760K, 0% used [0x00000000f0e00000,0x00000000f0e00000,0x00000000f8100000)
 ParOldGen       total 568320K, used 135326K [0x00000000a0000000, 0x00000000c2b00000, 0x00000000e0000000)
  object space 568320K, 23% used [0x00000000a0000000,0x00000000a8427880,0x00000000c2b00000)
 Metaspace       used 212678K, capacity 223321K, committed 225240K, reserved 1245184K
  class space    used 26601K, capacity 28496K, committed 28928K, reserved 1048576K
Event: 14670.317 GC heap after
Heap after GC invocations=144 (full 13):
 PSYoungGen      total 394240K, used 17467K [0x00000000e0000000, 0x00000000ff800000, 0x0000000100000000)
  eden space 276480K, 0% used [0x00000000e0000000,0x00000000e0000000,0x00000000f0e00000)
  from space 117760K, 14% used [0x00000000f0e00000,0x00000000f1f0ec78,0x00000000f8100000)
  to   space 115200K, 0% used [0x00000000f8780000,0x00000000f8780000,0x00000000ff800000)
 ParOldGen       total 568320K, used 135326K [0x00000000a0000000, 0x00000000c2b00000, 0x00000000e0000000)
  object space 568320K, 23% used [0x00000000a0000000,0x00000000a8427880,0x00000000c2b00000)
 Metaspace       used 212678K, capacity 223321K, committed 225240K, reserved 1245184K
  class space    used 26601K, capacity 28496K, committed 28928K, reserved 1048576K
}
Event: 14672.979 GC heap before
{Heap before GC invocations=145 (full 13):
 PSYoungGen      total 394240K, used 30977K [0x00000000e0000000, 0x00000000ff800000, 0x0000000100000000)
  eden space 276480K, 4% used [0x00000000e0000000,0x00000000e0d31a60,0x00000000f0e00000)
  from space 117760K, 14% used [0x00000000f0e00000,0x00000000f1f0ec78,0x00000000f8100000)
  to   space 115200K, 0% used [0x00000000f8780000,0x00000000f8780000,0x00000000ff800000)
 ParOldGen       total 568320K, used 135326K [0x00000000a0000000, 0x00000000c2b00000, 0x00000000e0000000)
  object space 568320K, 23% used [0x00000000a0000000,0x00000000a8427880,0x00000000c2b00000)
 Metaspace       used 212678K, capacity 223321K, committed 225240K, reserved 1245184K
  class space    used 26601K, capacity 28496K, committed 28928K, reserved 1048576K
Event: 14673.074 GC heap after
Heap after GC invocations=145 (full 13):
 PSYoungGen      total 394752K, used 17008K [0x00000000e0000000, 0x00000000ff200000, 0x0000000100000000)
  eden space 285696K, 0% used [0x00000000e0000000,0x00000000e0000000,0x00000000f1700000)
  from space 109056K, 15% used [0x00000000f8780000,0x00000000f981c2b0,0x00000000ff200000)
  to   space 112128K, 0% used [0x00000000f1700000,0x00000000f1700000,0x00000000f8480000)
 ParOldGen       total 568320K, used 135334K [0x00000000a0000000, 0x00000000c2b00000, 0x00000000e0000000)
  object space 568320K, 23% used [0x00000000a0000000,0x00000000a8429880,0x00000000c2b00000)
 Metaspace       used 212678K, capacity 223321K, committed 225240K, reserved 1245184K
  class space    used 26601K, capacity 28496K, committed 28928K, reserved 1048576K
}
Event: 14673.074 GC heap before
{Heap before GC invocations=146 (full 14):
 PSYoungGen      total 394752K, used 17008K [0x00000000e0000000, 0x00000000ff200000, 0x0000000100000000)
  eden space 285696K, 0% used [0x00000000e0000000,0x00000000e0000000,0x00000000f1700000)
  from space 109056K, 15% used [0x00000000f8780000,0x00000000f981c2b0,0x00000000ff200000)
  to   space 112128K, 0% used [0x00000000f1700000,0x00000000f1700000,0x00000000f8480000)
 ParOldGen       total 568320K, used 135334K [0x00000000a0000000, 0x00000000c2b00000, 0x00000000e0000000)
  object space 568320K, 23% used [0x00000000a0000000,0x00000000a8429880,0x00000000c2b00000)
 Metaspace       used 212678K, capacity 223321K, committed 225240K, reserved 1245184K
  class space    used 26601K, capacity 28496K, committed 28928K, reserved 1048576K
Event: 14721.248 GC heap after
Heap after GC invocations=146 (full 14):
 PSYoungGen      total 394752K, used 0K [0x00000000e0000000, 0x00000000ff200000, 0x0000000100000000)
  eden space 285696K, 0% used [0x00000000e0000000,0x00000000e0000000,0x00000000f1700000)
  from space 109056K, 0% used [0x00000000f8780000,0x00000000f8780000,0x00000000ff200000)
  to   space 112128K, 0% used [0x00000000f1700000,0x00000000f1700000,0x00000000f8480000)
 ParOldGen       total 568320K, used 138121K [0x00000000a0000000, 0x00000000c2b00000, 0x00000000e0000000)
  object space 568320K, 24% used [0x00000000a0000000,0x00000000a86e2790,0x00000000c2b00000)
 Metaspace       used 211930K, capacity 221967K, committed 225240K, reserved 1245184K
  class space    used 26426K, capacity 28208K, committed 28928K, reserved 1048576K
}

