# JRE version: OpenJDK Runtime Environment (8.0_202) (build 1.8.0_202-release-1483-b49-5587405)
# Java VM: OpenJDK 64-Bit Server VM (25.202-b49-5587405 mixed mode linux-amd64 compressed oops)
Heap:
 PSYoungGen      total 353280K, used 345162K [0x00000000e0000000, 0x0000000100000000, 0x0000000100000000)
  eden space 282624K, 97% used [0x00000000e0000000,0x00000000f0c16c60,0x00000000f1400000)
  from space 70656K, 99% used [0x00000000fbb00000,0x00000000ffffbba0,0x0000000100000000)
  to   space 120832K, 0% used [0x00000000f1400000,0x00000000f1400000,0x00000000f8a00000)
 ParOldGen       total 237056K, used 170752K [0x00000000a0000000, 0x00000000ae780000, 0x00000000e0000000)
  object space 237056K, 72% used [0x00000000a0000000,0x00000000aa6c0100,0x00000000ae780000)
 Metaspace       used 117892K, capacity 121586K, committed 121816K, reserved 1155072K
  class space    used 14852K, capacity 15747K, committed 15872K, reserved 1048576K
GC Heap History (10 events):
Event: 6450.226 GC heap before
{Heap before GC invocations=19 (full 4):
 PSYoungGen      total 394752K, used 365846K [0x00000000e0000000, 0x00000000fb800000, 0x0000000100000000)
  eden space 342016K, 100% used [0x00000000e0000000,0x00000000f4e00000,0x00000000f4e00000)
  from space 52736K, 45% used [0x00000000f8480000,0x00000000f9bc5850,0x00000000fb800000)
  to   space 54272K, 0% used [0x00000000f4e00000,0x00000000f4e00000,0x00000000f8300000)
 ParOldGen       total 237056K, used 74258K [0x00000000a0000000, 0x00000000ae780000, 0x00000000e0000000)
  object space 237056K, 31% used [0x00000000a0000000,0x00000000a4884908,0x00000000ae780000)
 Metaspace       used 103243K, capacity 106518K, committed 106712K, reserved 1142784K
  class space    used 13133K, capacity 13921K, committed 14080K, reserved 1048576K
Event: 6450.291 GC heap after
Heap after GC invocations=19 (full 4):
 PSYoungGen      total 396288K, used 54240K [0x00000000e0000000, 0x0000000100000000, 0x0000000100000000)
  eden space 342016K, 0% used [0x00000000e0000000,0x00000000e0000000,0x00000000f4e00000)
  from space 54272K, 99% used [0x00000000f4e00000,0x00000000f82f8168,0x00000000f8300000)
  to   space 67584K, 0% used [0x00000000fbe00000,0x00000000fbe00000,0x0000000100000000)
 ParOldGen       total 237056K, used 86683K [0x00000000a0000000, 0x00000000ae780000, 0x00000000e0000000)
  object space 237056K, 36% used [0x00000000a0000000,0x00000000a54a6d98,0x00000000ae780000)
 Metaspace       used 103243K, capacity 106518K, committed 106712K, reserved 1142784K
  class space    used 13133K, capacity 13921K, committed 14080K, reserved 1048576K
}
Event: 6472.574 GC heap before
{Heap before GC invocations=20 (full 4):
 PSYoungGen      total 396288K, used 301853K [0x00000000e0000000, 0x0000000100000000, 0x0000000100000000)
  eden space 342016K, 72% used [0x00000000e0000000,0x00000000ef1cf2c0,0x00000000f4e00000)
  from space 54272K, 99% used [0x00000000f4e00000,0x00000000f82f8168,0x00000000f8300000)
  to   space 67584K, 0% used [0x00000000fbe00000,0x00000000fbe00000,0x0000000100000000)
 ParOldGen       total 237056K, used 86683K [0x00000000a0000000, 0x00000000ae780000, 0x00000000e0000000)
  object space 237056K, 36% used [0x00000000a0000000,0x00000000a54a6d98,0x00000000ae780000)
 Metaspace       used 108177K, capacity 111830K, committed 112088K, reserved 1146880K
  class space    used 13858K, capacity 14709K, committed 14848K, reserved 1048576K
Event: 6472.646 GC heap after
Heap after GC invocations=20 (full 4):
 PSYoungGen      total 450560K, used 45315K [0x00000000e0000000, 0x0000000100000000, 0x0000000100000000)
  eden space 382976K, 0% used [0x00000000e0000000,0x00000000e0000000,0x00000000f7600000)
  from space 67584K, 67% used [0x00000000fbe00000,0x00000000fea40c70,0x0000000100000000)
  to   space 70656K, 0% used [0x00000000f7600000,0x00000000f7600000,0x00000000fbb00000)
 ParOldGen       total 237056K, used 88582K [0x00000000a0000000, 0x00000000ae780000, 0x00000000e0000000)
  object space 237056K, 37% used [0x00000000a0000000,0x00000000a56818c0,0x00000000ae780000)
 Metaspace       used 108177K, capacity 111830K, committed 112088K, reserved 1146880K
  class space    used 13858K, capacity 14709K, committed 14848K, reserved 1048576K
}
Event: 6472.646 GC heap before
{Heap before GC invocations=21 (full 5):
 PSYoungGen      total 450560K, used 45315K [0x00000000e0000000, 0x0000000100000000, 0x0000000100000000)
  eden space 382976K, 0% used [0x00000000e0000000,0x00000000e0000000,0x00000000f7600000)
  from space 67584K, 67% used [0x00000000fbe00000,0x00000000fea40c70,0x0000000100000000)
  to   space 70656K, 0% used [0x00000000f7600000,0x00000000f7600000,0x00000000fbb00000)
 ParOldGen       total 237056K, used 88582K [0x00000000a0000000, 0x00000000ae780000, 0x00000000e0000000)
  object space 237056K, 37% used [0x00000000a0000000,0x00000000a56818c0,0x00000000ae780000)
 Metaspace       used 108177K, capacity 111830K, committed 112088K, reserved 1146880K
  class space    used 13858K, capacity 14709K, committed 14848K, reserved 1048576K
Event: 6473.430 GC heap after
Heap after GC invocations=21 (full 5):
 PSYoungGen      total 450560K, used 0K [0x00000000e0000000, 0x0000000100000000, 0x0000000100000000)
  eden space 382976K, 0% used [0x00000000e0000000,0x00000000e0000000,0x00000000f7600000)
  from space 67584K, 0% used [0x00000000fbe00000,0x00000000fbe00000,0x0000000100000000)
  to   space 70656K, 0% used [0x00000000f7600000,0x00000000f7600000,0x00000000fbb00000)
 ParOldGen       total 237056K, used 90423K [0x00000000a0000000, 0x00000000ae780000, 0x00000000e0000000)
  object space 237056K, 38% used [0x00000000a0000000,0x00000000a584de48,0x00000000ae780000)
 Metaspace       used 107968K, capacity 111450K, committed 112088K, reserved 1146880K
  class space    used 13819K, capacity 14639K, committed 14848K, reserved 1048576K
}
Event: 6504.482 GC heap before
{Heap before GC invocations=22 (full 5):
 PSYoungGen      total 450560K, used 382976K [0x00000000e0000000, 0x0000000100000000, 0x0000000100000000)
  eden space 382976K, 100% used [0x00000000e0000000,0x00000000f7600000,0x00000000f7600000)
  from space 67584K, 0% used [0x00000000fbe00000,0x00000000fbe00000,0x0000000100000000)
  to   space 70656K, 0% used [0x00000000f7600000,0x00000000f7600000,0x00000000fbb00000)
 ParOldGen       total 237056K, used 90423K [0x00000000a0000000, 0x00000000ae780000, 0x00000000e0000000)
  object space 237056K, 38% used [0x00000000a0000000,0x00000000a584de48,0x00000000ae780000)
 Metaspace       used 115064K, capacity 118608K, committed 118872K, reserved 1153024K
  class space    used 14599K, capacity 15394K, committed 15488K, reserved 1048576K
Event: 6504.586 GC heap after
Heap after GC invocations=22 (full 5):
 PSYoungGen      total 453632K, used 70631K [0x00000000e0000000, 0x0000000100000000, 0x0000000100000000)
  eden space 382976K, 0% used [0x00000000e0000000,0x00000000e0000000,0x00000000f7600000)
  from space 70656K, 99% used [0x00000000f7600000,0x00000000fbaf9f28,0x00000000fbb00000)
  to   space 70656K, 0% used [0x00000000fbb00000,0x00000000fbb00000,0x0000000100000000)
 ParOldGen       total 237056K, used 96653K [0x00000000a0000000, 0x00000000ae780000, 0x00000000e0000000)
  object space 237056K, 40% used [0x00000000a0000000,0x00000000a5e63528,0x00000000ae780000)
 Metaspace       used 115064K, capacity 118608K, committed 118872K, reserved 1153024K
  class space    used 14599K, capacity 15394K, committed 15488K, reserved 1048576K
}
Event: 6509.010 GC heap before
{Heap before GC invocations=23 (full 5):
 PSYoungGen      total 453632K, used 453607K [0x00000000e0000000, 0x0000000100000000, 0x0000000100000000)
  eden space 382976K, 100% used [0x00000000e0000000,0x00000000f7600000,0x00000000f7600000)
  from space 70656K, 99% used [0x00000000f7600000,0x00000000fbaf9f28,0x00000000fbb00000)
  to   space 70656K, 0% used [0x00000000fbb00000,0x00000000fbb00000,0x0000000100000000)
 ParOldGen       total 237056K, used 96653K [0x00000000a0000000, 0x00000000ae780000, 0x00000000e0000000)
  object space 237056K, 40% used [0x00000000a0000000,0x00000000a5e63528,0x00000000ae780000)
 Metaspace       used 116572K, capacity 120048K, committed 120536K, reserved 1155072K
  class space    used 14704K, capacity 15490K, committed 15616K, reserved 1048576K
Event: 6509.160 GC heap after
Heap after GC invocations=23 (full 5):
 PSYoungGen      total 353280K, used 70638K [0x00000000e0000000, 0x0000000100000000, 0x0000000100000000)
  eden space 282624K, 0% used [0x00000000e0000000,0x00000000e0000000,0x00000000f1400000)
  from space 70656K, 99% used [0x00000000fbb00000,0x00000000ffffbba0,0x0000000100000000)
  to   space 120832K, 0% used [0x00000000f1400000,0x00000000f1400000,0x00000000f8a00000)
 ParOldGen       total 237056K, used 170752K [0x00000000a0000000, 0x00000000ae780000, 0x00000000e0000000)
  object space 237056K, 72% used [0x00000000a0000000,0x00000000aa6c0100,0x00000000ae780000)
 Metaspace       used 116572K, capacity 120048K, committed 120536K, reserved 1155072K
  class space    used 14704K, capacity 15490K, committed 15616K, reserved 1048576K
}

